Determining if the pthread_create exist failed with the following output:
Change Dir: /home/icyhate/Projects/c++/Workspace/jsge/build/default/CMakeFiles/CMakeTmp

Run Build Command:"/usr/bin/ninja" "cmTC_1a9e8"
[1/2] Building C object CMakeFiles/cmTC_1a9e8.dir/CheckSymbolExists.c.o
[2/2] Linking C executable cmTC_1a9e8
FAILED: cmTC_1a9e8 
: && /usr/bin/cc    CMakeFiles/cmTC_1a9e8.dir/CheckSymbolExists.c.o  -o cmTC_1a9e8   && :
/usr/bin/ld: CMakeFiles/cmTC_1a9e8.dir/CheckSymbolExists.c.o: in function `main':
CheckSymbolExists.c:(.text+0x1b): undefined reference to `pthread_create'
collect2: error: ld returned 1 exit status
ninja: build stopped: subcommand failed.

File /home/icyhate/Projects/c++/Workspace/jsge/build/default/CMakeFiles/CMakeTmp/CheckSymbolExists.c:
/* */
#include <pthread.h>

int main(int argc, char** argv)
{
  (void)argv;
#ifndef pthread_create
  return ((int*)(&pthread_create))[argc];
#else
  (void)argc;
  return 0;
#endif
}

